1582400356408	mozrunner::runner	INFO	Running command: "/Applications/Firefox.app/Contents/MacOS/firefox-bin" "-marionette" "-foreground" "-no-remote" "-profile" "/var/folders/vc/5g8cft9s4hd5tz4hdql75g1r0000gn/T/rust_mozprofileh7baVb"
1582400357037	addons.webextension.doh-rollout@mozilla.org	WARN	Loading extension 'doh-rollout@mozilla.org': Reading manifest: Invalid extension permission: networkStatus
1582400357448	addons.webextension.screenshots@mozilla.org	WARN	Loading extension 'screenshots@mozilla.org': Reading manifest: Invalid extension permission: mozillaAddons
1582400357448	addons.webextension.screenshots@mozilla.org	WARN	Loading extension 'screenshots@mozilla.org': Reading manifest: Invalid extension permission: telemetry
1582400357448	addons.webextension.screenshots@mozilla.org	WARN	Loading extension 'screenshots@mozilla.org': Reading manifest: Invalid extension permission: resource://pdf.js/
1582400357448	addons.webextension.screenshots@mozilla.org	WARN	Loading extension 'screenshots@mozilla.org': Reading manifest: Invalid extension permission: about:reader*
1582400359928	Marionette	INFO	Listening on port 50846
1582400360031	Marionette	WARN	TLS certificate errors will be ignored for this session
1582400392215	Marionette	INFO	Stopped listening on port 50846
1582400395639	mozrunner::runner	INFO	Running command: "/Applications/Firefox.app/Contents/MacOS/firefox-bin" "-marionette" "-foreground" "-no-remote" "-profile" "/var/folders/vc/5g8cft9s4hd5tz4hdql75g1r0000gn/T/rust_mozprofileEccme1"
1582400396087	addons.webextension.doh-rollout@mozilla.org	WARN	Loading extension 'doh-rollout@mozilla.org': Reading manifest: Invalid extension permission: networkStatus
1582400396460	addons.webextension.screenshots@mozilla.org	WARN	Loading extension 'screenshots@mozilla.org': Reading manifest: Invalid extension permission: mozillaAddons
1582400396461	addons.webextension.screenshots@mozilla.org	WARN	Loading extension 'screenshots@mozilla.org': Reading manifest: Invalid extension permission: telemetry
1582400396461	addons.webextension.screenshots@mozilla.org	WARN	Loading extension 'screenshots@mozilla.org': Reading manifest: Invalid extension permission: resource://pdf.js/
1582400396461	addons.webextension.screenshots@mozilla.org	WARN	Loading extension 'screenshots@mozilla.org': Reading manifest: Invalid extension permission: about:reader*
1582400398533	Marionette	INFO	Listening on port 50947
1582400398632	Marionette	WARN	TLS certificate errors will be ignored for this session
1582400806234	mozrunner::runner	INFO	Running command: "/Applications/Firefox.app/Contents/MacOS/firefox-bin" "-marionette" "-foreground" "-no-remote" "-profile" "/var/folders/vc/5g8cft9s4hd5tz4hdql75g1r0000gn/T/rust_mozprofileMjfA7h"
1582400806831	addons.webextension.doh-rollout@mozilla.org	WARN	Loading extension 'doh-rollout@mozilla.org': Reading manifest: Invalid extension permission: networkStatus
1582400807208	addons.webextension.screenshots@mozilla.org	WARN	Loading extension 'screenshots@mozilla.org': Reading manifest: Invalid extension permission: mozillaAddons
1582400807208	addons.webextension.screenshots@mozilla.org	WARN	Loading extension 'screenshots@mozilla.org': Reading manifest: Invalid extension permission: telemetry
1582400807208	addons.webextension.screenshots@mozilla.org	WARN	Loading extension 'screenshots@mozilla.org': Reading manifest: Invalid extension permission: resource://pdf.js/
1582400807208	addons.webextension.screenshots@mozilla.org	WARN	Loading extension 'screenshots@mozilla.org': Reading manifest: Invalid extension permission: about:reader*
1582400809242	Marionette	INFO	Listening on port 51092
1582400809336	Marionette	WARN	TLS certificate errors will be ignored for this session
1582400989646	mozrunner::runner	INFO	Running command: "/Applications/Firefox.app/Contents/MacOS/firefox-bin" "-marionette" "-foreground" "-no-remote" "-profile" "/var/folders/vc/5g8cft9s4hd5tz4hdql75g1r0000gn/T/rust_mozprofileTP2qA3"
1582400990165	addons.webextension.doh-rollout@mozilla.org	WARN	Loading extension 'doh-rollout@mozilla.org': Reading manifest: Invalid extension permission: networkStatus
1582400990545	addons.webextension.screenshots@mozilla.org	WARN	Loading extension 'screenshots@mozilla.org': Reading manifest: Invalid extension permission: mozillaAddons
1582400990545	addons.webextension.screenshots@mozilla.org	WARN	Loading extension 'screenshots@mozilla.org': Reading manifest: Invalid extension permission: telemetry
1582400990546	addons.webextension.screenshots@mozilla.org	WARN	Loading extension 'screenshots@mozilla.org': Reading manifest: Invalid extension permission: resource://pdf.js/
1582400990546	addons.webextension.screenshots@mozilla.org	WARN	Loading extension 'screenshots@mozilla.org': Reading manifest: Invalid extension permission: about:reader*
1582400992672	Marionette	INFO	Listening on port 51192
1582400992721	Marionette	WARN	TLS certificate errors will be ignored for this session
1582401071582	mozrunner::runner	INFO	Running command: "/Applications/Firefox.app/Contents/MacOS/firefox-bin" "-marionette" "-foreground" "-no-remote" "-profile" "/var/folders/vc/5g8cft9s4hd5tz4hdql75g1r0000gn/T/rust_mozprofileRrOuta"
1582401072096	addons.webextension.doh-rollout@mozilla.org	WARN	Loading extension 'doh-rollout@mozilla.org': Reading manifest: Invalid extension permission: networkStatus
1582401072476	addons.webextension.screenshots@mozilla.org	WARN	Loading extension 'screenshots@mozilla.org': Reading manifest: Invalid extension permission: mozillaAddons
1582401072476	addons.webextension.screenshots@mozilla.org	WARN	Loading extension 'screenshots@mozilla.org': Reading manifest: Invalid extension permission: telemetry
1582401072476	addons.webextension.screenshots@mozilla.org	WARN	Loading extension 'screenshots@mozilla.org': Reading manifest: Invalid extension permission: resource://pdf.js/
1582401072476	addons.webextension.screenshots@mozilla.org	WARN	Loading extension 'screenshots@mozilla.org': Reading manifest: Invalid extension permission: about:reader*
1582401074595	Marionette	INFO	Listening on port 51286
1582401074681	Marionette	WARN	TLS certificate errors will be ignored for this session
1582401619751	mozrunner::runner	INFO	Running command: "/Applications/Firefox.app/Contents/MacOS/firefox-bin" "-marionette" "-foreground" "-no-remote" "-profile" "/var/folders/vc/5g8cft9s4hd5tz4hdql75g1r0000gn/T/rust_mozprofileg0U45S"
1582401620302	addons.webextension.doh-rollout@mozilla.org	WARN	Loading extension 'doh-rollout@mozilla.org': Reading manifest: Invalid extension permission: networkStatus
1582401620721	addons.webextension.screenshots@mozilla.org	WARN	Loading extension 'screenshots@mozilla.org': Reading manifest: Invalid extension permission: mozillaAddons
1582401620721	addons.webextension.screenshots@mozilla.org	WARN	Loading extension 'screenshots@mozilla.org': Reading manifest: Invalid extension permission: telemetry
1582401620721	addons.webextension.screenshots@mozilla.org	WARN	Loading extension 'screenshots@mozilla.org': Reading manifest: Invalid extension permission: resource://pdf.js/
1582401620721	addons.webextension.screenshots@mozilla.org	WARN	Loading extension 'screenshots@mozilla.org': Reading manifest: Invalid extension permission: about:reader*
1582401622851	Marionette	INFO	Listening on port 51461
1582401622942	Marionette	WARN	TLS certificate errors will be ignored for this session
1582402247891	mozrunner::runner	INFO	Running command: "/Applications/Firefox.app/Contents/MacOS/firefox-bin" "-marionette" "-foreground" "-no-remote" "-profile" "/var/folders/vc/5g8cft9s4hd5tz4hdql75g1r0000gn/T/rust_mozprofileMGOPjj"
1582402248574	addons.webextension.doh-rollout@mozilla.org	WARN	Loading extension 'doh-rollout@mozilla.org': Reading manifest: Invalid extension permission: networkStatus
1582402248951	addons.webextension.screenshots@mozilla.org	WARN	Loading extension 'screenshots@mozilla.org': Reading manifest: Invalid extension permission: mozillaAddons
1582402248952	addons.webextension.screenshots@mozilla.org	WARN	Loading extension 'screenshots@mozilla.org': Reading manifest: Invalid extension permission: telemetry
1582402248952	addons.webextension.screenshots@mozilla.org	WARN	Loading extension 'screenshots@mozilla.org': Reading manifest: Invalid extension permission: resource://pdf.js/
1582402248952	addons.webextension.screenshots@mozilla.org	WARN	Loading extension 'screenshots@mozilla.org': Reading manifest: Invalid extension permission: about:reader*
1582402251013	Marionette	INFO	Listening on port 51639
1582402251087	Marionette	WARN	TLS certificate errors will be ignored for this session
1582402463841	mozrunner::runner	INFO	Running command: "/Applications/Firefox.app/Contents/MacOS/firefox-bin" "-marionette" "-foreground" "-no-remote" "-profile" "/var/folders/vc/5g8cft9s4hd5tz4hdql75g1r0000gn/T/rust_mozprofileFPiurS"
1582402464365	addons.webextension.doh-rollout@mozilla.org	WARN	Loading extension 'doh-rollout@mozilla.org': Reading manifest: Invalid extension permission: networkStatus
1582402464749	addons.webextension.screenshots@mozilla.org	WARN	Loading extension 'screenshots@mozilla.org': Reading manifest: Invalid extension permission: mozillaAddons
1582402464749	addons.webextension.screenshots@mozilla.org	WARN	Loading extension 'screenshots@mozilla.org': Reading manifest: Invalid extension permission: telemetry
1582402464749	addons.webextension.screenshots@mozilla.org	WARN	Loading extension 'screenshots@mozilla.org': Reading manifest: Invalid extension permission: resource://pdf.js/
1582402464749	addons.webextension.screenshots@mozilla.org	WARN	Loading extension 'screenshots@mozilla.org': Reading manifest: Invalid extension permission: about:reader*
1582402466810	Marionette	INFO	Listening on port 51754
1582402466843	Marionette	WARN	TLS certificate errors will be ignored for this session
1582402495712	mozrunner::runner	INFO	Running command: "/Applications/Firefox.app/Contents/MacOS/firefox-bin" "-marionette" "-foreground" "-no-remote" "-profile" "/var/folders/vc/5g8cft9s4hd5tz4hdql75g1r0000gn/T/rust_mozprofilej1rcdI"
1582402496288	addons.webextension.doh-rollout@mozilla.org	WARN	Loading extension 'doh-rollout@mozilla.org': Reading manifest: Invalid extension permission: networkStatus
1582402496689	addons.webextension.screenshots@mozilla.org	WARN	Loading extension 'screenshots@mozilla.org': Reading manifest: Invalid extension permission: mozillaAddons
1582402496689	addons.webextension.screenshots@mozilla.org	WARN	Loading extension 'screenshots@mozilla.org': Reading manifest: Invalid extension permission: telemetry
1582402496689	addons.webextension.screenshots@mozilla.org	WARN	Loading extension 'screenshots@mozilla.org': Reading manifest: Invalid extension permission: resource://pdf.js/
1582402496689	addons.webextension.screenshots@mozilla.org	WARN	Loading extension 'screenshots@mozilla.org': Reading manifest: Invalid extension permission: about:reader*
1582402498975	Marionette	INFO	Listening on port 51836
1582402499074	Marionette	WARN	TLS certificate errors will be ignored for this session
JavaScript error: resource://gre/actors/PictureInPictureChild.jsm, line 353: TypeError: this.contentWindow.windowRoot is null
1582402665178	mozrunner::runner	INFO	Running command: "/Applications/Firefox.app/Contents/MacOS/firefox-bin" "-marionette" "-foreground" "-no-remote" "-profile" "/var/folders/vc/5g8cft9s4hd5tz4hdql75g1r0000gn/T/rust_mozprofilee7Q1zB"
1582402665731	addons.webextension.doh-rollout@mozilla.org	WARN	Loading extension 'doh-rollout@mozilla.org': Reading manifest: Invalid extension permission: networkStatus
1582402666117	addons.webextension.screenshots@mozilla.org	WARN	Loading extension 'screenshots@mozilla.org': Reading manifest: Invalid extension permission: mozillaAddons
1582402666117	addons.webextension.screenshots@mozilla.org	WARN	Loading extension 'screenshots@mozilla.org': Reading manifest: Invalid extension permission: telemetry
1582402666117	addons.webextension.screenshots@mozilla.org	WARN	Loading extension 'screenshots@mozilla.org': Reading manifest: Invalid extension permission: resource://pdf.js/
1582402666117	addons.webextension.screenshots@mozilla.org	WARN	Loading extension 'screenshots@mozilla.org': Reading manifest: Invalid extension permission: about:reader*
1582402668339	Marionette	INFO	Listening on port 51961
1582402668388	Marionette	WARN	TLS certificate errors will be ignored for this session
1582402757592	mozrunner::runner	INFO	Running command: "/Applications/Firefox.app/Contents/MacOS/firefox-bin" "-marionette" "-foreground" "-no-remote" "-profile" "/var/folders/vc/5g8cft9s4hd5tz4hdql75g1r0000gn/T/rust_mozprofileV7tDmj"
1582402758165	addons.webextension.doh-rollout@mozilla.org	WARN	Loading extension 'doh-rollout@mozilla.org': Reading manifest: Invalid extension permission: networkStatus
1582402758629	addons.webextension.screenshots@mozilla.org	WARN	Loading extension 'screenshots@mozilla.org': Reading manifest: Invalid extension permission: mozillaAddons
1582402758630	addons.webextension.screenshots@mozilla.org	WARN	Loading extension 'screenshots@mozilla.org': Reading manifest: Invalid extension permission: telemetry
1582402758630	addons.webextension.screenshots@mozilla.org	WARN	Loading extension 'screenshots@mozilla.org': Reading manifest: Invalid extension permission: resource://pdf.js/
1582402758630	addons.webextension.screenshots@mozilla.org	WARN	Loading extension 'screenshots@mozilla.org': Reading manifest: Invalid extension permission: about:reader*
1582402760819	Marionette	INFO	Listening on port 52059
1582402760916	Marionette	WARN	TLS certificate errors will be ignored for this session
1582406361128	mozrunner::runner	INFO	Running command: "/Applications/Firefox.app/Contents/MacOS/firefox-bin" "-marionette" "-foreground" "-no-remote" "-profile" "/var/folders/vc/5g8cft9s4hd5tz4hdql75g1r0000gn/T/rust_mozprofileqBUCPu"
1582406361665	addons.webextension.doh-rollout@mozilla.org	WARN	Loading extension 'doh-rollout@mozilla.org': Reading manifest: Invalid extension permission: networkStatus
1582406362051	addons.webextension.screenshots@mozilla.org	WARN	Loading extension 'screenshots@mozilla.org': Reading manifest: Invalid extension permission: mozillaAddons
1582406362051	addons.webextension.screenshots@mozilla.org	WARN	Loading extension 'screenshots@mozilla.org': Reading manifest: Invalid extension permission: telemetry
1582406362051	addons.webextension.screenshots@mozilla.org	WARN	Loading extension 'screenshots@mozilla.org': Reading manifest: Invalid extension permission: resource://pdf.js/
1582406362051	addons.webextension.screenshots@mozilla.org	WARN	Loading extension 'screenshots@mozilla.org': Reading manifest: Invalid extension permission: about:reader*
1582406364132	Marionette	INFO	Listening on port 52840
1582406364217	Marionette	WARN	TLS certificate errors will be ignored for this session
1582406461047	mozrunner::runner	INFO	Running command: "/Applications/Firefox.app/Contents/MacOS/firefox-bin" "-marionette" "-foreground" "-no-remote" "-profile" "/var/folders/vc/5g8cft9s4hd5tz4hdql75g1r0000gn/T/rust_mozprofile76doqB"
1582406461602	addons.webextension.doh-rollout@mozilla.org	WARN	Loading extension 'doh-rollout@mozilla.org': Reading manifest: Invalid extension permission: networkStatus
1582406462013	addons.webextension.screenshots@mozilla.org	WARN	Loading extension 'screenshots@mozilla.org': Reading manifest: Invalid extension permission: mozillaAddons
1582406462013	addons.webextension.screenshots@mozilla.org	WARN	Loading extension 'screenshots@mozilla.org': Reading manifest: Invalid extension permission: telemetry
1582406462013	addons.webextension.screenshots@mozilla.org	WARN	Loading extension 'screenshots@mozilla.org': Reading manifest: Invalid extension permission: resource://pdf.js/
1582406462013	addons.webextension.screenshots@mozilla.org	WARN	Loading extension 'screenshots@mozilla.org': Reading manifest: Invalid extension permission: about:reader*
1582406464076	Marionette	INFO	Listening on port 52946
1582406464121	Marionette	WARN	TLS certificate errors will be ignored for this session
1582406470402	Marionette	INFO	Stopped listening on port 52946
1582406496022	Marionette	INFO	Stopped listening on port 52840
1582406499574	Marionette	INFO	Stopped listening on port 52059
1582406503384	Marionette	INFO	Stopped listening on port 51961
1582406506961	Marionette	INFO	Stopped listening on port 51836
1582406511874	Marionette	INFO	Stopped listening on port 50947
1582406518174	Marionette	INFO	Stopped listening on port 51092
1582406522733	Marionette	INFO	Stopped listening on port 51192
1582406526976	Marionette	INFO	Stopped listening on port 51286

###!!! [Parent][MessageChannel] Error: (msgtype=0x1A0011,name=PBackgroundStorage::Msg_Observe) Channel error: cannot send/recv

1582406531145	Marionette	INFO	Stopped listening on port 51461
1582406535205	Marionette	INFO	Stopped listening on port 51639
1582406539059	Marionette	INFO	Stopped listening on port 51754
1582406705917	mozrunner::runner	INFO	Running command: "/Applications/Firefox.app/Contents/MacOS/firefox-bin" "-marionette" "-foreground" "-no-remote" "-profile" "/var/folders/vc/5g8cft9s4hd5tz4hdql75g1r0000gn/T/rust_mozprofileQpDeZ0"
1582406706350	addons.webextension.doh-rollout@mozilla.org	WARN	Loading extension 'doh-rollout@mozilla.org': Reading manifest: Invalid extension permission: networkStatus
1582406706947	addons.webextension.screenshots@mozilla.org	WARN	Loading extension 'screenshots@mozilla.org': Reading manifest: Invalid extension permission: mozillaAddons
1582406706947	addons.webextension.screenshots@mozilla.org	WARN	Loading extension 'screenshots@mozilla.org': Reading manifest: Invalid extension permission: telemetry
1582406706948	addons.webextension.screenshots@mozilla.org	WARN	Loading extension 'screenshots@mozilla.org': Reading manifest: Invalid extension permission: resource://pdf.js/
1582406706948	addons.webextension.screenshots@mozilla.org	WARN	Loading extension 'screenshots@mozilla.org': Reading manifest: Invalid extension permission: about:reader*
1582406709023	Marionette	INFO	Listening on port 53053
1582406709096	Marionette	WARN	TLS certificate errors will be ignored for this session
1582406715202	Marionette	INFO	Stopped listening on port 53053
1582433495011	mozrunner::runner	INFO	Running command: "/Applications/Firefox.app/Contents/MacOS/firefox-bin" "-marionette" "-foreground" "-no-remote" "-profile" "/var/folders/vc/5g8cft9s4hd5tz4hdql75g1r0000gn/T/rust_mozprofileLWHQgg"
1582433496113	addons.webextension.doh-rollout@mozilla.org	WARN	Loading extension 'doh-rollout@mozilla.org': Reading manifest: Invalid extension permission: networkStatus
1582433496473	addons.webextension.screenshots@mozilla.org	WARN	Loading extension 'screenshots@mozilla.org': Reading manifest: Invalid extension permission: mozillaAddons
1582433496474	addons.webextension.screenshots@mozilla.org	WARN	Loading extension 'screenshots@mozilla.org': Reading manifest: Invalid extension permission: telemetry
1582433496474	addons.webextension.screenshots@mozilla.org	WARN	Loading extension 'screenshots@mozilla.org': Reading manifest: Invalid extension permission: resource://pdf.js/
1582433496474	addons.webextension.screenshots@mozilla.org	WARN	Loading extension 'screenshots@mozilla.org': Reading manifest: Invalid extension permission: about:reader*
1582433498644	Marionette	INFO	Listening on port 54387
1582433498714	Marionette	WARN	TLS certificate errors will be ignored for this session
1582433528354	Marionette	INFO	Stopped listening on port 54387
1582433530688	mozrunner::runner	INFO	Running command: "/Applications/Firefox.app/Contents/MacOS/firefox-bin" "-marionette" "-foreground" "-no-remote" "-profile" "/var/folders/vc/5g8cft9s4hd5tz4hdql75g1r0000gn/T/rust_mozprofilels22rR"
1582433531113	addons.webextension.doh-rollout@mozilla.org	WARN	Loading extension 'doh-rollout@mozilla.org': Reading manifest: Invalid extension permission: networkStatus
1582433531497	addons.webextension.screenshots@mozilla.org	WARN	Loading extension 'screenshots@mozilla.org': Reading manifest: Invalid extension permission: mozillaAddons
1582433531498	addons.webextension.screenshots@mozilla.org	WARN	Loading extension 'screenshots@mozilla.org': Reading manifest: Invalid extension permission: telemetry
1582433531498	addons.webextension.screenshots@mozilla.org	WARN	Loading extension 'screenshots@mozilla.org': Reading manifest: Invalid extension permission: resource://pdf.js/
1582433531498	addons.webextension.screenshots@mozilla.org	WARN	Loading extension 'screenshots@mozilla.org': Reading manifest: Invalid extension permission: about:reader*
1582433533591	Marionette	INFO	Listening on port 54483
1582433533676	Marionette	WARN	TLS certificate errors will be ignored for this session
1582433576842	Marionette	INFO	Stopped listening on port 54483
1582433581760	mozrunner::runner	INFO	Running command: "/Applications/Firefox.app/Contents/MacOS/firefox-bin" "-marionette" "-foreground" "-no-remote" "-profile" "/var/folders/vc/5g8cft9s4hd5tz4hdql75g1r0000gn/T/rust_mozprofilePKJyRQ"
1582433582187	addons.webextension.doh-rollout@mozilla.org	WARN	Loading extension 'doh-rollout@mozilla.org': Reading manifest: Invalid extension permission: networkStatus
1582433582564	addons.webextension.screenshots@mozilla.org	WARN	Loading extension 'screenshots@mozilla.org': Reading manifest: Invalid extension permission: mozillaAddons
1582433582564	addons.webextension.screenshots@mozilla.org	WARN	Loading extension 'screenshots@mozilla.org': Reading manifest: Invalid extension permission: telemetry
1582433582565	addons.webextension.screenshots@mozilla.org	WARN	Loading extension 'screenshots@mozilla.org': Reading manifest: Invalid extension permission: resource://pdf.js/
1582433582565	addons.webextension.screenshots@mozilla.org	WARN	Loading extension 'screenshots@mozilla.org': Reading manifest: Invalid extension permission: about:reader*
1582433584650	Marionette	INFO	Listening on port 54573
1582433584748	Marionette	WARN	TLS certificate errors will be ignored for this session
1582433615263	Marionette	INFO	Stopped listening on port 54573
1582433657600	mozrunner::runner	INFO	Running command: "/Applications/Firefox.app/Contents/MacOS/firefox-bin" "-marionette" "-foreground" "-no-remote" "-profile" "/var/folders/vc/5g8cft9s4hd5tz4hdql75g1r0000gn/T/rust_mozprofilewMl0J1"
1582433658032	addons.webextension.doh-rollout@mozilla.org	WARN	Loading extension 'doh-rollout@mozilla.org': Reading manifest: Invalid extension permission: networkStatus
1582433658409	addons.webextension.screenshots@mozilla.org	WARN	Loading extension 'screenshots@mozilla.org': Reading manifest: Invalid extension permission: mozillaAddons
1582433658409	addons.webextension.screenshots@mozilla.org	WARN	Loading extension 'screenshots@mozilla.org': Reading manifest: Invalid extension permission: telemetry
1582433658409	addons.webextension.screenshots@mozilla.org	WARN	Loading extension 'screenshots@mozilla.org': Reading manifest: Invalid extension permission: resource://pdf.js/
1582433658410	addons.webextension.screenshots@mozilla.org	WARN	Loading extension 'screenshots@mozilla.org': Reading manifest: Invalid extension permission: about:reader*
1582433660471	Marionette	INFO	Listening on port 54661
1582433660571	Marionette	WARN	TLS certificate errors will be ignored for this session
1582433678052	mozrunner::runner	INFO	Running command: "/Applications/Firefox.app/Contents/MacOS/firefox-bin" "-marionette" "-foreground" "-no-remote" "-profile" "/var/folders/vc/5g8cft9s4hd5tz4hdql75g1r0000gn/T/rust_mozprofileLqy8xQ"
1582433678491	addons.webextension.doh-rollout@mozilla.org	WARN	Loading extension 'doh-rollout@mozilla.org': Reading manifest: Invalid extension permission: networkStatus
1582433678876	addons.webextension.screenshots@mozilla.org	WARN	Loading extension 'screenshots@mozilla.org': Reading manifest: Invalid extension permission: mozillaAddons
1582433678876	addons.webextension.screenshots@mozilla.org	WARN	Loading extension 'screenshots@mozilla.org': Reading manifest: Invalid extension permission: telemetry
1582433678876	addons.webextension.screenshots@mozilla.org	WARN	Loading extension 'screenshots@mozilla.org': Reading manifest: Invalid extension permission: resource://pdf.js/
1582433678877	addons.webextension.screenshots@mozilla.org	WARN	Loading extension 'screenshots@mozilla.org': Reading manifest: Invalid extension permission: about:reader*
1582433680966	Marionette	INFO	Listening on port 54746
1582433681050	Marionette	WARN	TLS certificate errors will be ignored for this session
1582433689289	Marionette	INFO	Stopped listening on port 54746
1582433694721	Marionette	INFO	Stopped listening on port 54661
1582433718107	mozrunner::runner	INFO	Running command: "/Applications/Firefox.app/Contents/MacOS/firefox-bin" "-marionette" "-foreground" "-no-remote" "-profile" "/var/folders/vc/5g8cft9s4hd5tz4hdql75g1r0000gn/T/rust_mozprofile0Yqs4F"
1582433718536	addons.webextension.doh-rollout@mozilla.org	WARN	Loading extension 'doh-rollout@mozilla.org': Reading manifest: Invalid extension permission: networkStatus
1582433718913	addons.webextension.screenshots@mozilla.org	WARN	Loading extension 'screenshots@mozilla.org': Reading manifest: Invalid extension permission: mozillaAddons
1582433718913	addons.webextension.screenshots@mozilla.org	WARN	Loading extension 'screenshots@mozilla.org': Reading manifest: Invalid extension permission: telemetry
1582433718913	addons.webextension.screenshots@mozilla.org	WARN	Loading extension 'screenshots@mozilla.org': Reading manifest: Invalid extension permission: resource://pdf.js/
1582433718913	addons.webextension.screenshots@mozilla.org	WARN	Loading extension 'screenshots@mozilla.org': Reading manifest: Invalid extension permission: about:reader*
1582433720944	Marionette	INFO	Listening on port 54832
1582433721001	Marionette	WARN	TLS certificate errors will be ignored for this session
1582433782955	Marionette	INFO	Stopped listening on port 54832
1582433796399	mozrunner::runner	INFO	Running command: "/Applications/Firefox.app/Contents/MacOS/firefox-bin" "-marionette" "-foreground" "-no-remote" "-profile" "/var/folders/vc/5g8cft9s4hd5tz4hdql75g1r0000gn/T/rust_mozprofileDHLjBg"
1582433796841	addons.webextension.doh-rollout@mozilla.org	WARN	Loading extension 'doh-rollout@mozilla.org': Reading manifest: Invalid extension permission: networkStatus
1582433797235	addons.webextension.screenshots@mozilla.org	WARN	Loading extension 'screenshots@mozilla.org': Reading manifest: Invalid extension permission: mozillaAddons
1582433797236	addons.webextension.screenshots@mozilla.org	WARN	Loading extension 'screenshots@mozilla.org': Reading manifest: Invalid extension permission: telemetry
1582433797236	addons.webextension.screenshots@mozilla.org	WARN	Loading extension 'screenshots@mozilla.org': Reading manifest: Invalid extension permission: resource://pdf.js/
1582433797236	addons.webextension.screenshots@mozilla.org	WARN	Loading extension 'screenshots@mozilla.org': Reading manifest: Invalid extension permission: about:reader*
1582433799287	Marionette	INFO	Listening on port 54927
1582433799365	Marionette	WARN	TLS certificate errors will be ignored for this session
1582433841359	Marionette	INFO	Stopped listening on port 54927
1582433844244	mozrunner::runner	INFO	Running command: "/Applications/Firefox.app/Contents/MacOS/firefox-bin" "-marionette" "-foreground" "-no-remote" "-profile" "/var/folders/vc/5g8cft9s4hd5tz4hdql75g1r0000gn/T/rust_mozprofileV9dF1d"
1582433844670	addons.webextension.doh-rollout@mozilla.org	WARN	Loading extension 'doh-rollout@mozilla.org': Reading manifest: Invalid extension permission: networkStatus
1582433845048	addons.webextension.screenshots@mozilla.org	WARN	Loading extension 'screenshots@mozilla.org': Reading manifest: Invalid extension permission: mozillaAddons
1582433845048	addons.webextension.screenshots@mozilla.org	WARN	Loading extension 'screenshots@mozilla.org': Reading manifest: Invalid extension permission: telemetry
1582433845048	addons.webextension.screenshots@mozilla.org	WARN	Loading extension 'screenshots@mozilla.org': Reading manifest: Invalid extension permission: resource://pdf.js/
1582433845048	addons.webextension.screenshots@mozilla.org	WARN	Loading extension 'screenshots@mozilla.org': Reading manifest: Invalid extension permission: about:reader*
1582433847119	Marionette	INFO	Listening on port 55011
1582433847135	Marionette	WARN	TLS certificate errors will be ignored for this session
1582433851061	Marionette	INFO	Stopped listening on port 55011
1582433883339	mozrunner::runner	INFO	Running command: "/Applications/Firefox.app/Contents/MacOS/firefox-bin" "-marionette" "-foreground" "-no-remote" "-profile" "/var/folders/vc/5g8cft9s4hd5tz4hdql75g1r0000gn/T/rust_mozprofilezJKksF"
1582433883845	addons.webextension.doh-rollout@mozilla.org	WARN	Loading extension 'doh-rollout@mozilla.org': Reading manifest: Invalid extension permission: networkStatus
1582433884230	addons.webextension.screenshots@mozilla.org	WARN	Loading extension 'screenshots@mozilla.org': Reading manifest: Invalid extension permission: mozillaAddons
1582433884230	addons.webextension.screenshots@mozilla.org	WARN	Loading extension 'screenshots@mozilla.org': Reading manifest: Invalid extension permission: telemetry
1582433884230	addons.webextension.screenshots@mozilla.org	WARN	Loading extension 'screenshots@mozilla.org': Reading manifest: Invalid extension permission: resource://pdf.js/
1582433884230	addons.webextension.screenshots@mozilla.org	WARN	Loading extension 'screenshots@mozilla.org': Reading manifest: Invalid extension permission: about:reader*
1582433886292	Marionette	INFO	Listening on port 55095
1582433886340	Marionette	WARN	TLS certificate errors will be ignored for this session
1582433890196	Marionette	INFO	Stopped listening on port 55095
1582433958214	mozrunner::runner	INFO	Running command: "/Applications/Firefox.app/Contents/MacOS/firefox-bin" "-marionette" "-foreground" "-no-remote" "-profile" "/var/folders/vc/5g8cft9s4hd5tz4hdql75g1r0000gn/T/rust_mozprofilelzHj6C"
1582433958643	addons.webextension.doh-rollout@mozilla.org	WARN	Loading extension 'doh-rollout@mozilla.org': Reading manifest: Invalid extension permission: networkStatus
1582433959034	addons.webextension.screenshots@mozilla.org	WARN	Loading extension 'screenshots@mozilla.org': Reading manifest: Invalid extension permission: mozillaAddons
1582433959034	addons.webextension.screenshots@mozilla.org	WARN	Loading extension 'screenshots@mozilla.org': Reading manifest: Invalid extension permission: telemetry
1582433959034	addons.webextension.screenshots@mozilla.org	WARN	Loading extension 'screenshots@mozilla.org': Reading manifest: Invalid extension permission: resource://pdf.js/
1582433959034	addons.webextension.screenshots@mozilla.org	WARN	Loading extension 'screenshots@mozilla.org': Reading manifest: Invalid extension permission: about:reader*
1582433961101	Marionette	INFO	Listening on port 55182
1582433961202	Marionette	WARN	TLS certificate errors will be ignored for this session
1582433965184	Marionette	INFO	Stopped listening on port 55182
1582434009946	mozrunner::runner	INFO	Running command: "/Applications/Firefox.app/Contents/MacOS/firefox-bin" "-marionette" "-foreground" "-no-remote" "-profile" "/var/folders/vc/5g8cft9s4hd5tz4hdql75g1r0000gn/T/rust_mozprofile2E1OBG"
1582434010378	addons.webextension.doh-rollout@mozilla.org	WARN	Loading extension 'doh-rollout@mozilla.org': Reading manifest: Invalid extension permission: networkStatus
1582434010764	addons.webextension.screenshots@mozilla.org	WARN	Loading extension 'screenshots@mozilla.org': Reading manifest: Invalid extension permission: mozillaAddons
1582434010764	addons.webextension.screenshots@mozilla.org	WARN	Loading extension 'screenshots@mozilla.org': Reading manifest: Invalid extension permission: telemetry
1582434010764	addons.webextension.screenshots@mozilla.org	WARN	Loading extension 'screenshots@mozilla.org': Reading manifest: Invalid extension permission: resource://pdf.js/
1582434010764	addons.webextension.screenshots@mozilla.org	WARN	Loading extension 'screenshots@mozilla.org': Reading manifest: Invalid extension permission: about:reader*
1582434012833	Marionette	INFO	Listening on port 55270
1582434012931	Marionette	WARN	TLS certificate errors will be ignored for this session
1582434017932	Marionette	INFO	Stopped listening on port 55270
1582434331503	mozrunner::runner	INFO	Running command: "/Applications/Firefox.app/Contents/MacOS/firefox-bin" "-marionette" "-foreground" "-no-remote" "-profile" "/var/folders/vc/5g8cft9s4hd5tz4hdql75g1r0000gn/T/rust_mozprofilevOZKpw"
1582434331938	addons.webextension.doh-rollout@mozilla.org	WARN	Loading extension 'doh-rollout@mozilla.org': Reading manifest: Invalid extension permission: networkStatus
1582434332323	addons.webextension.screenshots@mozilla.org	WARN	Loading extension 'screenshots@mozilla.org': Reading manifest: Invalid extension permission: mozillaAddons
1582434332323	addons.webextension.screenshots@mozilla.org	WARN	Loading extension 'screenshots@mozilla.org': Reading manifest: Invalid extension permission: telemetry
1582434332323	addons.webextension.screenshots@mozilla.org	WARN	Loading extension 'screenshots@mozilla.org': Reading manifest: Invalid extension permission: resource://pdf.js/
1582434332323	addons.webextension.screenshots@mozilla.org	WARN	Loading extension 'screenshots@mozilla.org': Reading manifest: Invalid extension permission: about:reader*
1582434334386	Marionette	INFO	Listening on port 55377
1582434334485	Marionette	WARN	TLS certificate errors will be ignored for this session
1582434338348	Marionette	INFO	Stopped listening on port 55377
1582434715326	mozrunner::runner	INFO	Running command: "/Applications/Firefox.app/Contents/MacOS/firefox-bin" "-marionette" "-foreground" "-no-remote" "-profile" "/var/folders/vc/5g8cft9s4hd5tz4hdql75g1r0000gn/T/rust_mozprofile4wMLIK"
1582434715780	addons.webextension.doh-rollout@mozilla.org	WARN	Loading extension 'doh-rollout@mozilla.org': Reading manifest: Invalid extension permission: networkStatus
1582434716163	addons.webextension.screenshots@mozilla.org	WARN	Loading extension 'screenshots@mozilla.org': Reading manifest: Invalid extension permission: mozillaAddons
1582434716163	addons.webextension.screenshots@mozilla.org	WARN	Loading extension 'screenshots@mozilla.org': Reading manifest: Invalid extension permission: telemetry
1582434716163	addons.webextension.screenshots@mozilla.org	WARN	Loading extension 'screenshots@mozilla.org': Reading manifest: Invalid extension permission: resource://pdf.js/
1582434716163	addons.webextension.screenshots@mozilla.org	WARN	Loading extension 'screenshots@mozilla.org': Reading manifest: Invalid extension permission: about:reader*
1582434718197	Marionette	INFO	Listening on port 55501
1582434718300	Marionette	WARN	TLS certificate errors will be ignored for this session
1582434722554	Marionette	INFO	Stopped listening on port 55501
1582434782395	mozrunner::runner	INFO	Running command: "/Applications/Firefox.app/Contents/MacOS/firefox-bin" "-marionette" "-foreground" "-no-remote" "-profile" "/var/folders/vc/5g8cft9s4hd5tz4hdql75g1r0000gn/T/rust_mozprofile74es1M"
1582434782836	addons.webextension.doh-rollout@mozilla.org	WARN	Loading extension 'doh-rollout@mozilla.org': Reading manifest: Invalid extension permission: networkStatus
1582434783217	addons.webextension.screenshots@mozilla.org	WARN	Loading extension 'screenshots@mozilla.org': Reading manifest: Invalid extension permission: mozillaAddons
1582434783217	addons.webextension.screenshots@mozilla.org	WARN	Loading extension 'screenshots@mozilla.org': Reading manifest: Invalid extension permission: telemetry
1582434783217	addons.webextension.screenshots@mozilla.org	WARN	Loading extension 'screenshots@mozilla.org': Reading manifest: Invalid extension permission: resource://pdf.js/
1582434783217	addons.webextension.screenshots@mozilla.org	WARN	Loading extension 'screenshots@mozilla.org': Reading manifest: Invalid extension permission: about:reader*
1582434785233	Marionette	INFO	Listening on port 55589
1582434785276	Marionette	WARN	TLS certificate errors will be ignored for this session
1582434903005	mozrunner::runner	INFO	Running command: "/Applications/Firefox.app/Contents/MacOS/firefox-bin" "-marionette" "-foreground" "-no-remote" "-profile" "/var/folders/vc/5g8cft9s4hd5tz4hdql75g1r0000gn/T/rust_mozprofilesZkqxK"
1582434903456	addons.webextension.doh-rollout@mozilla.org	WARN	Loading extension 'doh-rollout@mozilla.org': Reading manifest: Invalid extension permission: networkStatus
1582434903909	addons.webextension.screenshots@mozilla.org	WARN	Loading extension 'screenshots@mozilla.org': Reading manifest: Invalid extension permission: mozillaAddons
1582434903909	addons.webextension.screenshots@mozilla.org	WARN	Loading extension 'screenshots@mozilla.org': Reading manifest: Invalid extension permission: telemetry
1582434903910	addons.webextension.screenshots@mozilla.org	WARN	Loading extension 'screenshots@mozilla.org': Reading manifest: Invalid extension permission: resource://pdf.js/
1582434903910	addons.webextension.screenshots@mozilla.org	WARN	Loading extension 'screenshots@mozilla.org': Reading manifest: Invalid extension permission: about:reader*
1582434905921	Marionette	INFO	Listening on port 55682
1582434905991	Marionette	WARN	TLS certificate errors will be ignored for this session
1582434910924	Marionette	INFO	Stopped listening on port 55682
1582435658856	mozrunner::runner	INFO	Running command: "/Applications/Firefox.app/Contents/MacOS/firefox-bin" "-marionette" "-foreground" "-no-remote" "-profile" "/var/folders/vc/5g8cft9s4hd5tz4hdql75g1r0000gn/T/rust_mozprofileSJhu5E"
1582435659288	addons.webextension.doh-rollout@mozilla.org	WARN	Loading extension 'doh-rollout@mozilla.org': Reading manifest: Invalid extension permission: networkStatus
1582435659669	addons.webextension.screenshots@mozilla.org	WARN	Loading extension 'screenshots@mozilla.org': Reading manifest: Invalid extension permission: mozillaAddons
1582435659670	addons.webextension.screenshots@mozilla.org	WARN	Loading extension 'screenshots@mozilla.org': Reading manifest: Invalid extension permission: telemetry
1582435659670	addons.webextension.screenshots@mozilla.org	WARN	Loading extension 'screenshots@mozilla.org': Reading manifest: Invalid extension permission: resource://pdf.js/
1582435659670	addons.webextension.screenshots@mozilla.org	WARN	Loading extension 'screenshots@mozilla.org': Reading manifest: Invalid extension permission: about:reader*
1582435661566	Marionette	INFO	Listening on port 55868
1582435661645	Marionette	WARN	TLS certificate errors will be ignored for this session
JavaScript warning: https://bandcamp.23video.com/9891472.ihtml/player.js, line 3: unreachable code after return statement
JavaScript warning: https://bandcamp.23video.com/9891472.ihtml/player.js, line 3: unreachable code after return statement
JavaScript warning: https://bandcamp.23video.com/9891472.ihtml/player.js, line 3: unreachable code after return statement
JavaScript warning: https://bandcamp.23video.com/9891472.ihtml/player.js, line 3: unreachable code after return statement
JavaScript warning: https://bandcamp.23video.com/9891472.ihtml/player.js, line 3: unreachable code after return statement
1582435785733	Marionette	INFO	Stopped listening on port 55868
1582435788293	Marionette	INFO	Stopped listening on port 55589
1582435797916	mozrunner::runner	INFO	Running command: "/Applications/Firefox.app/Contents/MacOS/firefox-bin" "-marionette" "-foreground" "-no-remote" "-profile" "/var/folders/vc/5g8cft9s4hd5tz4hdql75g1r0000gn/T/rust_mozprofileh8lNhm"
1582435798355	addons.webextension.doh-rollout@mozilla.org	WARN	Loading extension 'doh-rollout@mozilla.org': Reading manifest: Invalid extension permission: networkStatus
1582435798771	addons.webextension.screenshots@mozilla.org	WARN	Loading extension 'screenshots@mozilla.org': Reading manifest: Invalid extension permission: mozillaAddons
1582435798771	addons.webextension.screenshots@mozilla.org	WARN	Loading extension 'screenshots@mozilla.org': Reading manifest: Invalid extension permission: telemetry
1582435798771	addons.webextension.screenshots@mozilla.org	WARN	Loading extension 'screenshots@mozilla.org': Reading manifest: Invalid extension permission: resource://pdf.js/
1582435798771	addons.webextension.screenshots@mozilla.org	WARN	Loading extension 'screenshots@mozilla.org': Reading manifest: Invalid extension permission: about:reader*
1582435800755	Marionette	INFO	Listening on port 55973
1582435800828	Marionette	WARN	TLS certificate errors will be ignored for this session
JavaScript warning: https://bandcamp.23video.com/9891472.ihtml/player.js, line 3: unreachable code after return statement
JavaScript warning: https://bandcamp.23video.com/9891472.ihtml/player.js, line 3: unreachable code after return statement
JavaScript warning: https://bandcamp.23video.com/9891472.ihtml/player.js, line 3: unreachable code after return statement
JavaScript warning: https://bandcamp.23video.com/9891472.ihtml/player.js, line 3: unreachable code after return statement
1582435904618	Marionette	INFO	Stopped listening on port 55973
1582435914564	mozrunner::runner	INFO	Running command: "/Applications/Firefox.app/Contents/MacOS/firefox-bin" "-marionette" "-foreground" "-no-remote" "-profile" "/var/folders/vc/5g8cft9s4hd5tz4hdql75g1r0000gn/T/rust_mozprofileIX7r08"
1582435915029	addons.webextension.doh-rollout@mozilla.org	WARN	Loading extension 'doh-rollout@mozilla.org': Reading manifest: Invalid extension permission: networkStatus
1582435915431	addons.webextension.screenshots@mozilla.org	WARN	Loading extension 'screenshots@mozilla.org': Reading manifest: Invalid extension permission: mozillaAddons
1582435915431	addons.webextension.screenshots@mozilla.org	WARN	Loading extension 'screenshots@mozilla.org': Reading manifest: Invalid extension permission: telemetry
1582435915432	addons.webextension.screenshots@mozilla.org	WARN	Loading extension 'screenshots@mozilla.org': Reading manifest: Invalid extension permission: resource://pdf.js/
1582435915432	addons.webextension.screenshots@mozilla.org	WARN	Loading extension 'screenshots@mozilla.org': Reading manifest: Invalid extension permission: about:reader*
1582435917472	Marionette	INFO	Listening on port 56074
1582435917573	Marionette	WARN	TLS certificate errors will be ignored for this session
JavaScript warning: https://bandcamp.23video.com/9891472.ihtml/player.js, line 3: unreachable code after return statement
JavaScript warning: https://bandcamp.23video.com/9891472.ihtml/player.js, line 3: unreachable code after return statement
JavaScript warning: https://bandcamp.23video.com/9891472.ihtml/player.js, line 3: unreachable code after return statement
JavaScript warning: https://bandcamp.23video.com/9891472.ihtml/player.js, line 3: unreachable code after return statement
1582435958688	Marionette	INFO	Stopped listening on port 56074
1582436005643	mozrunner::runner	INFO	Running command: "/Applications/Firefox.app/Contents/MacOS/firefox-bin" "-marionette" "-foreground" "-no-remote" "-profile" "/var/folders/vc/5g8cft9s4hd5tz4hdql75g1r0000gn/T/rust_mozprofiletqtQiH"
1582436006097	addons.webextension.doh-rollout@mozilla.org	WARN	Loading extension 'doh-rollout@mozilla.org': Reading manifest: Invalid extension permission: networkStatus
1582436006492	addons.webextension.screenshots@mozilla.org	WARN	Loading extension 'screenshots@mozilla.org': Reading manifest: Invalid extension permission: mozillaAddons
1582436006493	addons.webextension.screenshots@mozilla.org	WARN	Loading extension 'screenshots@mozilla.org': Reading manifest: Invalid extension permission: telemetry
1582436006493	addons.webextension.screenshots@mozilla.org	WARN	Loading extension 'screenshots@mozilla.org': Reading manifest: Invalid extension permission: resource://pdf.js/
1582436006493	addons.webextension.screenshots@mozilla.org	WARN	Loading extension 'screenshots@mozilla.org': Reading manifest: Invalid extension permission: about:reader*
1582436008544	Marionette	INFO	Listening on port 56218
1582436008619	Marionette	WARN	TLS certificate errors will be ignored for this session
JavaScript warning: https://bandcamp.23video.com/9891472.ihtml/player.js, line 3: unreachable code after return statement
JavaScript warning: https://bandcamp.23video.com/9891472.ihtml/player.js, line 3: unreachable code after return statement
1582436013165	Marionette	INFO	Stopped listening on port 56218
1582436215586	mozrunner::runner	INFO	Running command: "/Applications/Firefox.app/Contents/MacOS/firefox-bin" "-marionette" "-foreground" "-no-remote" "-profile" "/var/folders/vc/5g8cft9s4hd5tz4hdql75g1r0000gn/T/rust_mozprofilesdeIN4"
1582436216043	addons.webextension.doh-rollout@mozilla.org	WARN	Loading extension 'doh-rollout@mozilla.org': Reading manifest: Invalid extension permission: networkStatus
1582436216471	addons.webextension.screenshots@mozilla.org	WARN	Loading extension 'screenshots@mozilla.org': Reading manifest: Invalid extension permission: mozillaAddons
1582436216472	addons.webextension.screenshots@mozilla.org	WARN	Loading extension 'screenshots@mozilla.org': Reading manifest: Invalid extension permission: telemetry
1582436216472	addons.webextension.screenshots@mozilla.org	WARN	Loading extension 'screenshots@mozilla.org': Reading manifest: Invalid extension permission: resource://pdf.js/
1582436216472	addons.webextension.screenshots@mozilla.org	WARN	Loading extension 'screenshots@mozilla.org': Reading manifest: Invalid extension permission: about:reader*
1582436218594	Marionette	INFO	Listening on port 56329
1582436218696	Marionette	WARN	TLS certificate errors will be ignored for this session
JavaScript warning: https://bandcamp.23video.com/9891472.ihtml/player.js, line 3: unreachable code after return statement
JavaScript warning: https://bandcamp.23video.com/9891472.ihtml/player.js, line 3: unreachable code after return statement
JavaScript warning: https://bandcamp.23video.com/9891472.ihtml/player.js, line 3: unreachable code after return statement
JavaScript warning: https://bandcamp.23video.com/9891472.ihtml/player.js, line 3: unreachable code after return statement
1582436326032	mozrunner::runner	INFO	Running command: "/Applications/Firefox.app/Contents/MacOS/firefox-bin" "-marionette" "-foreground" "-no-remote" "-profile" "/var/folders/vc/5g8cft9s4hd5tz4hdql75g1r0000gn/T/rust_mozprofile00d32w"
1582436326463	addons.webextension.doh-rollout@mozilla.org	WARN	Loading extension 'doh-rollout@mozilla.org': Reading manifest: Invalid extension permission: networkStatus
1582436326955	addons.webextension.screenshots@mozilla.org	WARN	Loading extension 'screenshots@mozilla.org': Reading manifest: Invalid extension permission: mozillaAddons
1582436326955	addons.webextension.screenshots@mozilla.org	WARN	Loading extension 'screenshots@mozilla.org': Reading manifest: Invalid extension permission: telemetry
1582436326956	addons.webextension.screenshots@mozilla.org	WARN	Loading extension 'screenshots@mozilla.org': Reading manifest: Invalid extension permission: resource://pdf.js/
1582436326956	addons.webextension.screenshots@mozilla.org	WARN	Loading extension 'screenshots@mozilla.org': Reading manifest: Invalid extension permission: about:reader*
1582436328981	Marionette	INFO	Listening on port 56436
1582436329020	Marionette	WARN	TLS certificate errors will be ignored for this session
JavaScript warning: https://bandcamp.23video.com/9891472.ihtml/player.js, line 3: unreachable code after return statement
JavaScript warning: https://bandcamp.23video.com/9891472.ihtml/player.js, line 3: unreachable code after return statement
JavaScript warning: https://bandcamp.23video.com/9891472.ihtml/player.js, line 3: unreachable code after return statement
JavaScript warning: https://bandcamp.23video.com/9891472.ihtml/player.js, line 3: unreachable code after return statement
1582436441734	Marionette	INFO	Stopped listening on port 56436
1582436599001	mozrunner::runner	INFO	Running command: "/Applications/Firefox.app/Contents/MacOS/firefox-bin" "-marionette" "-foreground" "-no-remote" "-profile" "/var/folders/vc/5g8cft9s4hd5tz4hdql75g1r0000gn/T/rust_mozprofile6i23oR"
1582436599561	addons.webextension.doh-rollout@mozilla.org	WARN	Loading extension 'doh-rollout@mozilla.org': Reading manifest: Invalid extension permission: networkStatus
1582436600113	addons.webextension.screenshots@mozilla.org	WARN	Loading extension 'screenshots@mozilla.org': Reading manifest: Invalid extension permission: mozillaAddons
1582436600113	addons.webextension.screenshots@mozilla.org	WARN	Loading extension 'screenshots@mozilla.org': Reading manifest: Invalid extension permission: telemetry
1582436600113	addons.webextension.screenshots@mozilla.org	WARN	Loading extension 'screenshots@mozilla.org': Reading manifest: Invalid extension permission: resource://pdf.js/
1582436600113	addons.webextension.screenshots@mozilla.org	WARN	Loading extension 'screenshots@mozilla.org': Reading manifest: Invalid extension permission: about:reader*
1582436602373	Marionette	INFO	Listening on port 56644
1582436602418	Marionette	WARN	TLS certificate errors will be ignored for this session
1582437571410	mozrunner::runner	INFO	Running command: "/Applications/Firefox.app/Contents/MacOS/firefox-bin" "-marionette" "-foreground" "-no-remote" "-profile" "/var/folders/vc/5g8cft9s4hd5tz4hdql75g1r0000gn/T/rust_mozprofilek56ta5"
1582437571869	addons.webextension.doh-rollout@mozilla.org	WARN	Loading extension 'doh-rollout@mozilla.org': Reading manifest: Invalid extension permission: networkStatus
1582437572318	addons.webextension.screenshots@mozilla.org	WARN	Loading extension 'screenshots@mozilla.org': Reading manifest: Invalid extension permission: mozillaAddons
1582437572318	addons.webextension.screenshots@mozilla.org	WARN	Loading extension 'screenshots@mozilla.org': Reading manifest: Invalid extension permission: telemetry
1582437572318	addons.webextension.screenshots@mozilla.org	WARN	Loading extension 'screenshots@mozilla.org': Reading manifest: Invalid extension permission: resource://pdf.js/
1582437572318	addons.webextension.screenshots@mozilla.org	WARN	Loading extension 'screenshots@mozilla.org': Reading manifest: Invalid extension permission: about:reader*
1582437574435	Marionette	INFO	Listening on port 56838
1582437574507	Marionette	WARN	TLS certificate errors will be ignored for this session
1582437648838	mozrunner::runner	INFO	Running command: "/Applications/Firefox.app/Contents/MacOS/firefox-bin" "-marionette" "-foreground" "-no-remote" "-profile" "/var/folders/vc/5g8cft9s4hd5tz4hdql75g1r0000gn/T/rust_mozprofileIBXYdB"
1582437649269	addons.webextension.doh-rollout@mozilla.org	WARN	Loading extension 'doh-rollout@mozilla.org': Reading manifest: Invalid extension permission: networkStatus
1582437649654	addons.webextension.screenshots@mozilla.org	WARN	Loading extension 'screenshots@mozilla.org': Reading manifest: Invalid extension permission: mozillaAddons
1582437649654	addons.webextension.screenshots@mozilla.org	WARN	Loading extension 'screenshots@mozilla.org': Reading manifest: Invalid extension permission: telemetry
1582437649655	addons.webextension.screenshots@mozilla.org	WARN	Loading extension 'screenshots@mozilla.org': Reading manifest: Invalid extension permission: resource://pdf.js/
1582437649655	addons.webextension.screenshots@mozilla.org	WARN	Loading extension 'screenshots@mozilla.org': Reading manifest: Invalid extension permission: about:reader*
1582437651719	Marionette	INFO	Listening on port 56930
1582437651805	Marionette	WARN	TLS certificate errors will be ignored for this session
JavaScript warning: https://bandcamp.23video.com/9891472.ihtml/player.js, line 3: unreachable code after return statement
JavaScript warning: https://bandcamp.23video.com/9891472.ihtml/player.js, line 3: unreachable code after return statement
1582437731382	Marionette	INFO	Stopped listening on port 56930
1582437733230	Marionette	INFO	Stopped listening on port 56644
1582437735027	Marionette	INFO	Stopped listening on port 56838
1582437737162	Marionette	INFO	Stopped listening on port 56329
1582437743316	mozrunner::runner	INFO	Running command: "/Applications/Firefox.app/Contents/MacOS/firefox-bin" "-marionette" "-foreground" "-no-remote" "-profile" "/var/folders/vc/5g8cft9s4hd5tz4hdql75g1r0000gn/T/rust_mozprofileti3isz"
1582437743747	addons.webextension.doh-rollout@mozilla.org	WARN	Loading extension 'doh-rollout@mozilla.org': Reading manifest: Invalid extension permission: networkStatus
1582437744124	addons.webextension.screenshots@mozilla.org	WARN	Loading extension 'screenshots@mozilla.org': Reading manifest: Invalid extension permission: mozillaAddons
1582437744124	addons.webextension.screenshots@mozilla.org	WARN	Loading extension 'screenshots@mozilla.org': Reading manifest: Invalid extension permission: telemetry
1582437744124	addons.webextension.screenshots@mozilla.org	WARN	Loading extension 'screenshots@mozilla.org': Reading manifest: Invalid extension permission: resource://pdf.js/
1582437744124	addons.webextension.screenshots@mozilla.org	WARN	Loading extension 'screenshots@mozilla.org': Reading manifest: Invalid extension permission: about:reader*
1582437746149	Marionette	INFO	Listening on port 57035
1582437746199	Marionette	WARN	TLS certificate errors will be ignored for this session
JavaScript warning: https://bandcamp.23video.com/9891472.ihtml/player.js, line 3: unreachable code after return statement
JavaScript warning: https://bandcamp.23video.com/9891472.ihtml/player.js, line 3: unreachable code after return statement
1582437786296	Marionette	INFO	Stopped listening on port 57035
1582437972045	mozrunner::runner	INFO	Running command: "/Applications/Firefox.app/Contents/MacOS/firefox-bin" "-marionette" "-foreground" "-no-remote" "-profile" "/var/folders/vc/5g8cft9s4hd5tz4hdql75g1r0000gn/T/rust_mozprofileEOAeeH"
1582437972634	addons.webextension.doh-rollout@mozilla.org	WARN	Loading extension 'doh-rollout@mozilla.org': Reading manifest: Invalid extension permission: networkStatus
1582437973006	addons.webextension.screenshots@mozilla.org	WARN	Loading extension 'screenshots@mozilla.org': Reading manifest: Invalid extension permission: mozillaAddons
1582437973006	addons.webextension.screenshots@mozilla.org	WARN	Loading extension 'screenshots@mozilla.org': Reading manifest: Invalid extension permission: telemetry
1582437973007	addons.webextension.screenshots@mozilla.org	WARN	Loading extension 'screenshots@mozilla.org': Reading manifest: Invalid extension permission: resource://pdf.js/
1582437973007	addons.webextension.screenshots@mozilla.org	WARN	Loading extension 'screenshots@mozilla.org': Reading manifest: Invalid extension permission: about:reader*
1582437975082	Marionette	INFO	Listening on port 57189
1582437975121	Marionette	WARN	TLS certificate errors will be ignored for this session
JavaScript warning: https://bandcamp.23video.com/9891472.ihtml/player.js, line 3: unreachable code after return statement
JavaScript warning: https://bandcamp.23video.com/9891472.ihtml/player.js, line 3: unreachable code after return statement
1582438018740	Marionette	INFO	Stopped listening on port 57189
